<?xml version="1.0" encoding="UTF-8"?>
<testsuite xmlns:xsi="http://www.w3.org/2001/XMLSchema-instance" xsi:noNamespaceSchemaLocation="https://maven.apache.org/surefire/maven-surefire-plugin/xsd/surefire-test-report-3.0.xsd" version="3.0" name="com.tinnova.api.ApiApplicationTests" time="4.635" tests="1" errors="0" skipped="0" failures="0">
  <properties>
[...]
</properties>
  <testcase name="contextLoads" classname="com.tinnova.api.ApiApplicationTests" time="0.404">
    <system-out><![CDATA[09:09:43.769 [main] INFO org.springframework.test.context.support.AnnotationConfigContextLoaderUtils -- Could not detect default configuration classes for test class [com.tinnova.api.ApiApplicationTests]: ApiApplicationTests does not declare any static, non-private, non-final, nested classes annotated with @Configuration.
09:09:43.951 [main] INFO org.springframework.boot.test.context.SpringBootTestContextBootstrapper -- Found @SpringBootConfiguration com.tinnova.api.ApiApplication for test class com.tinnova.api.ApiApplicationTests

  .   ____          _            __ _ _
 /\\ / ___'_ __ _ _(_)_ __  __ _ \ \ \ \
( ( )\___ | '_ | '_| | '_ \/ _` | \ \ \ \
 \\/  ___)| |_)| | | | | || (_| |  ) ) ) )
  '  |____| .__|_| |_|_| |_\__, | / / / /
 =========|_|==============|___/=/_/_/_/
 :: Spring Boot ::                (v3.2.2)

2025-04-04T09:09:44.352-03:00  INFO 65900 --- [api] [           main] com.tinnova.api.ApiApplicationTests      : Starting ApiApplicationTests using Java 17.0.14 with PID 65900 (started by x in /home/x/Downloads/api)
2025-04-04T09:09:44.354-03:00  INFO 65900 --- [api] [           main] com.tinnova.api.ApiApplicationTests      : No active profile set, falling back to 1 default profile: "default"
2025-04-04T09:09:45.053-03:00  INFO 65900 --- [api] [           main] .s.d.r.c.RepositoryConfigurationDelegate : Bootstrapping Spring Data JPA repositories in DEFAULT mode.
2025-04-04T09:09:45.099-03:00  INFO 65900 --- [api] [           main] .s.d.r.c.RepositoryConfigurationDelegate : Finished Spring Data repository scanning in 38 ms. Found 1 JPA repository interface.
2025-04-04T09:09:45.482-03:00  INFO 65900 --- [api] [           main] o.hibernate.jpa.internal.util.LogHelper  : HHH000204: Processing PersistenceUnitInfo [name: default]
2025-04-04T09:09:45.528-03:00  INFO 65900 --- [api] [           main] org.hibernate.Version                    : HHH000412: Hibernate ORM core version 6.6.12.Final
2025-04-04T09:09:45.558-03:00  INFO 65900 --- [api] [           main] o.h.c.internal.RegionFactoryInitiator    : HHH000026: Second-level cache disabled
2025-04-04T09:09:45.833-03:00  INFO 65900 --- [api] [           main] o.s.o.j.p.SpringPersistenceUnitInfo      : No LoadTimeWeaver setup: ignoring JPA class transformer
2025-04-04T09:09:45.859-03:00  INFO 65900 --- [api] [           main] com.zaxxer.hikari.HikariDataSource       : HikariPool-1 - Starting...
2025-04-04T09:09:46.036-03:00  INFO 65900 --- [api] [           main] com.zaxxer.hikari.pool.HikariPool        : HikariPool-1 - Added connection conn0: url=jdbc:h2:~/test user=SA
2025-04-04T09:09:46.038-03:00  INFO 65900 --- [api] [           main] com.zaxxer.hikari.HikariDataSource       : HikariPool-1 - Start completed.
2025-04-04T09:09:46.094-03:00  INFO 65900 --- [api] [           main] org.hibernate.orm.connections.pooling    : HHH10001005: Database info:
	Database JDBC URL [Connecting through datasource 'HikariDataSource (HikariPool-1)']
	Database driver: undefined/unknown
	Database version: 2.2.224
	Autocommit mode: undefined/unknown
	Isolation level: undefined/unknown
	Minimum pool size: undefined/unknown
	Maximum pool size: undefined/unknown
2025-04-04T09:09:46.844-03:00  INFO 65900 --- [api] [           main] o.h.e.t.j.p.i.JtaPlatformInitiator       : HHH000489: No JTA platform available (set 'hibernate.transaction.jta.platform' to enable JTA platform integration)
2025-04-04T09:09:46.889-03:00  INFO 65900 --- [api] [           main] j.LocalContainerEntityManagerFactoryBean : Initialized JPA EntityManagerFactory for persistence unit 'default'
2025-04-04T09:09:47.147-03:00  INFO 65900 --- [api] [           main] o.s.d.j.r.query.QueryEnhancerFactory     : Hibernate is in classpath; If applicable, HQL parser will be used.
2025-04-04T09:09:47.366-03:00  WARN 65900 --- [api] [           main] JpaBaseConfiguration$JpaWebConfiguration : spring.jpa.open-in-view is enabled by default. Therefore, database queries may be performed during view rendering. Explicitly configure spring.jpa.open-in-view to disable this warning
2025-04-04T09:09:47.754-03:00  INFO 65900 --- [api] [           main] o.s.b.a.h2.H2ConsoleAutoConfiguration    : H2 console available at '/h2-console'. Database available at 'jdbc:h2:~/test'
2025-04-04T09:09:47.821-03:00  INFO 65900 --- [api] [           main] com.tinnova.api.ApiApplicationTests      : Started ApiApplicationTests in 3.696 seconds (process running for 4.801)
]]></system-out>
  </testcase>
</testsuite>